=========================================
 Linux Clean Up - Build Script
 Version 2.0.0
=========================================

Cleaning build directory and debian artifacts...
Creating build directory...

Configuring CMake with Unix Makefiles generator...
-- The CXX compiler identification is GNU 14.2.1
-- Detecting CXX compiler ABI info
-- Detecting CXX compiler ABI info - done
-- Check for working CXX compiler: /nix/store/a0d7m3zn9p2dfa1h7ag9h2wzzr2w25sn-gcc-wrapper-14.2.1.20250322/bin/c++ - skipped
-- Detecting CXX compile features
-- Detecting CXX compile features - done
-- Performing Test CMAKE_HAVE_LIBC_PTHREAD
-- Performing Test CMAKE_HAVE_LIBC_PTHREAD - Success
-- Found Threads: TRUE
-- Performing Test HAVE_STDATOMIC
-- Performing Test HAVE_STDATOMIC - Success
-- Found WrapAtomic: TRUE
-- Found OpenGL: /nix/store/7227amwg7k4sbl6mhglq17v5x5ki54ks-libglvnd-1.7.0/lib/libOpenGL.so
-- Found WrapOpenGL: TRUE
-- Could NOT find WrapVulkanHeaders (missing: Vulkan_INCLUDE_DIR) 
-- Configuring done (11.2s)
-- Generating done (1.1s)
-- Build files have been written to: /home/runner/workspace/build

Building Linux Clean Up...
(Compiling with all CPU cores...)
[  1%] Generating linux-cleaner_de.qm
[  3%] Generating linux-cleaner_da.qm
[  5%] Generating linux-cleaner_cs.qm
[  7%] Generating linux-cleaner_am.qm
[  9%] Generating linux-cleaner_ca.qm
[  9%] Built target linux-cleaner_autogen_timestamp_deps
[ 11%] Generating linux-cleaner_el.qm
[ 13%] Generating linux-cleaner_es.qm
[ 15%] Generating linux-cleaner_es_ES.qm
[ 16%] Automatic MOC and UIC for target linux-cleaner
[ 18%] Generating linux-cleaner_en.qm
[ 20%] Generating linux-cleaner_fa.qm
[ 22%] Generating linux-cleaner_fil_PH.qm
[ 24%] Generating linux-cleaner_fr.qm
[ 26%] Generating linux-cleaner_fi.qm
[ 28%] Generating linux-cleaner_fr_BE.qm
[ 30%] Generating linux-cleaner_gl.qm
[ 32%] Generating linux-cleaner_gl_ES.qm
[ 33%] Generating linux-cleaner_hr.qm
[ 35%] Generating linux-cleaner_he_IL.qm
[ 37%] Generating linux-cleaner_hu.qm
[ 39%] Generating linux-cleaner_hi.qm
[ 41%] Generating linux-cleaner_is.qm
[ 43%] Generating linux-cleaner_ka.qm
[ 45%] Generating linux-cleaner_ja.qm
[ 47%] Generating linux-cleaner_it.qm
[ 49%] Generating linux-cleaner_lt.qm
[ 50%] Generating linux-cleaner_nb.qm
[ 52%] Generating linux-cleaner_pl.qm
[ 56%] Generating linux-cleaner_nl.qm
[ 56%] Generating linux-cleaner_nl_BE.qm
[ 58%] Generating linux-cleaner_pt.qm
[ 60%] Generating linux-cleaner_ru.qm
[ 62%] Generating linux-cleaner_pt_BR.qm
[ 64%] Generating linux-cleaner_ro.qm
[ 66%] Generating linux-cleaner_ru_RU.qm
[ 67%] Generating linux-cleaner_sq.qm
[ 69%] Generating linux-cleaner_sl.qm
[ 71%] Generating linux-cleaner_sk.qm
[ 73%] Generating linux-cleaner_sv.qm
[ 75%] Generating linux-cleaner_th.qm
[ 77%] Generating linux-cleaner_tr.qm
[ 79%] Generating linux-cleaner_uk.qm
[ 81%] Generating linux-cleaner_zh_CN.qm
[ 83%] Generating linux-cleaner_vi.qm
[ 84%] Generating linux-cleaner_zh_TW.qm
[ 84%] Built target linux-cleaner_lrelease
[ 84%] Built target linux-cleaner_autogen
[ 86%] Automatic RCC for images.qrc
[ 88%] Building CXX object CMakeFiles/linux-cleaner.dir/linux-cleaner_autogen/mocs_compilation.cpp.o
[ 90%] Building CXX object CMakeFiles/linux-cleaner.dir/main.cpp.o
[ 92%] Building CXX object CMakeFiles/linux-cleaner.dir/mainwindow.cpp.o
[ 96%] Building CXX object CMakeFiles/linux-cleaner.dir/linux-cleaner_autogen/EWIEGA46WW/qrc_images.cpp.o
[ 96%] Building CXX object CMakeFiles/linux-cleaner.dir/about.cpp.o
[ 98%] Linking CXX executable /home/runner/workspace/linux-cleaner
[100%] Built target linux-cleaner

=========================================
 ✓ Build completed successfully!
=========================================

Executable location: ./linux-cleaner
To run: ./linux-cleaner

